Mon Nov 05 2018::{"name":"UnauthorizedError","message":"No authorization token was found","code":"credentials_required","status":401,"inner":{"message":"No authorization token was found"}}
Mon Nov 05 2018::{"name":"UnauthorizedError","message":"No authorization token was found","code":"credentials_required","status":401,"inner":{"message":"No authorization token was found"}}
Mon Nov 05 2018::{"name":"UnauthorizedError","message":"No authorization token was found","code":"credentials_required","status":401,"inner":{"message":"No authorization token was found"}}
Mon Nov 05 2018::{"name":"UnauthorizedError","message":"jwt malformed","code":"invalid_token","status":401,"inner":{"name":"JsonWebTokenError","message":"jwt malformed"}}
Mon Nov 05 2018::{"name":"UnauthorizedError","message":"jwt malformed","code":"invalid_token","status":401,"inner":{"name":"JsonWebTokenError","message":"jwt malformed"}}
Mon Nov 05 2018::{"name":"UnauthorizedError","message":"jwt malformed","code":"invalid_token","status":401,"inner":{"name":"JsonWebTokenError","message":"jwt malformed"}}
Mon Nov 05 2018::{"ip":"hello","version":"1.0.0","iat":1541438740}
Mon Nov 05 2018::{"ip":"hello","version":"1.0.0","iat":1541438740}
Mon Nov 05 2018::{"ip":"hello","version":"1.0.0","iat":1541438740}
Mon Nov 05 2018::{"ip":"hello","version":"1.0.0","iat":1541438740}
Mon Nov 05 2018::{"name":"JsonWebTokenError","message":"jwt malformed"}
Mon Nov 05 2018::{"name":"JsonWebTokenError","message":"jwt must be provided"}
Mon Nov 05 2018::{"name":"JsonWebTokenError","message":"jwt must be provided"}
Mon Nov 05 2018::{"name":"JsonWebTokenError","message":"jwt must be provided"}
Mon Nov 05 2018::{"name":"JsonWebTokenError","message":"jwt must be provided"}
Mon Nov 05 2018::{"name":"JsonWebTokenError","message":"jwt must be provided"}
Mon Nov 05 2018::{"name":"JsonWebTokenError","message":"jwt must be provided"}
Mon Nov 05 2018::{"name":"JsonWebTokenError","message":"jwt must be provided"}
Mon Nov 05 2018::{"name":"JsonWebTokenError","message":"jwt must be provided"}
Tue Nov 06 2018::{"name":"JsonWebTokenError","message":"jwt must be provided"}
Tue Nov 06 2018::{"name":"JsonWebTokenError","message":"jwt must be provided"}
Tue Nov 06 2018::{"name":"JsonWebTokenError","message":"jwt must be provided"}
Tue Nov 06 2018::{"name":"JsonWebTokenError","message":"jwt must be provided"}
Tue Nov 06 2018::{"name":"JsonWebTokenError","message":"jwt must be provided"}
Tue Nov 06 2018::{"name":"JsonWebTokenError","message":"jwt must be provided"}
Tue Nov 06 2018::{"name":"JsonWebTokenError","message":"jwt must be provided"}
Tue Nov 06 2018::{"name":"JsonWebTokenError","message":"jwt malformed"}
Tue Nov 06 2018::{}
Tue Nov 06 2018::{}
Tue Nov 06 2018::{"message":"Cast to ObjectId failed for value \"1\" at path \"_id\" for model \"user\"","name":"CastError","stringValue":"\"1\"","kind":"ObjectId","value":1,"path":"_id"}
Tue Nov 06 2018::{"message":"Cast to ObjectId failed for value \"1\" at path \"_id\" for model \"user\"","name":"CastError","stringValue":"\"1\"","kind":"ObjectId","value":1,"path":"_id"}
