Mon Nov 05 2018::PUT /user
Tue Nov 06 2018::GET /user
Tue Nov 06 2018::GET /user/1
Tue Nov 06 2018::GET /user
Tue Nov 06 2018::GET /user
Tue Nov 06 2018::GET /user
Tue Nov 06 2018::GET /user
Tue Nov 06 2018::GET /user
Tue Nov 06 2018::GET /user
Tue Nov 06 2018::GET /user
Tue Nov 06 2018::GET /user/1
Tue Nov 06 2018::GET /user/2
Tue Nov 06 2018::GET /user/1
Tue Nov 06 2018::POST /user
Tue Nov 06 2018::GET /user
Tue Nov 06 2018::PUT /user
Tue Nov 06 2018::PUT /user
Tue Nov 06 2018::PUT /user
Tue Nov 06 2018::PUT /user
Tue Nov 06 2018::PUT /user
Tue Nov 06 2018::PUT /user
Tue Nov 06 2018::GET /user
Tue Nov 06 2018::DELETE /user
Tue Nov 06 2018::GET /user
